
/home/runner/work/exp-determinstic-finite-automaton-iiith/exp-determinstic-finite-automaton-iiith/experiment/simulation/js/data.js
    6:7  warning  'dfa1' is assigned a value but never used  no-unused-vars
   37:7  warning  'dfa2' is assigned a value but never used  no-unused-vars
   70:7  warning  'dfa3' is assigned a value but never used  no-unused-vars
   98:7  warning  'dfa4' is assigned a value but never used  no-unused-vars
  129:7  warning  'dfa5' is assigned a value but never used  no-unused-vars

/home/runner/work/exp-determinstic-finite-automaton-iiith/exp-determinstic-finite-automaton-iiith/experiment/simulation/js/helper.js
    7:2   warning  'elem' is not defined                      no-undef
    9:4   warning  'elem' is not defined                      no-undef
   11:9   warning  'elem' is not defined                      no-undef
   14:10  warning  'newElement' is defined but never used     no-unused-vars
   15:2   warning  'elem' is not defined                      no-undef
   17:4   warning  'elem' is not defined                      no-undef
   19:9   warning  'elem' is not defined                      no-undef
   22:10  warning  'clearElem' is defined but never used      no-unused-vars
   29:10  warning  'displayCanvas' is defined but never used  no-unused-vars
   30:3   warning  'sine45' is not defined                    no-undef
   32:3   warning  'nodes' is not defined                     no-undef
   33:3   warning  'edges' is not defined                     no-undef
   37:5   warning  'newnode' is not defined                   no-undef
   40:12  warning  'width' is not defined                     no-undef
   40:26  warning  'width' is not defined                     no-undef
   41:12  warning  'height' is not defined                    no-undef
   43:5   warning  'nodes' is not defined                     no-undef
   43:16  warning  'newnode' is not defined                   no-undef
   47:3   warning  'nodes' is not defined                     no-undef
   48:5   warning  'color' is not defined                     no-undef
   49:5   warning  'stroke_width' is not defined              no-undef
   51:7   warning  'color' is not defined                     no-undef
   52:7   warning  'stroke_width' is not defined              no-undef
   54:7   warning  'color' is not defined                     no-undef
   55:7   warning  'stroke_width' is not defined              no-undef
   57:5   warning  'fillColor' is not defined                 no-undef
   59:7   warning  'fillColor' is not defined                 no-undef
   61:5   warning  'circleElem' is not defined                no-undef
   65:13  warning  'radius' is not defined                    no-undef
   66:18  warning  'color' is not defined                     no-undef
   67:16  warning  'fillColor' is not defined                 no-undef
   68:24  warning  'stroke_width' is not defined              no-undef
   71:5   warning  'textElem' is not defined                  no-undef
   77:5   warning  'textElem' is not defined                  no-undef
   79:24  warning  'circleElem' is not defined                no-undef
   80:24  warning  'textElem' is not defined                  no-undef
   84:39  warning  'index' is defined but never used          no-unused-vars
   85:5   warning  'newEdge' is not defined                   no-undef
  104:5   warning  'nodes' is not defined                     no-undef
  106:9   warning  'newEdge' is not defined                   no-undef
  107:9   warning  'newEdge' is not defined                   no-undef
  110:9   warning  'newEdge' is not defined                   no-undef
  111:9   warning  'newEdge' is not defined                   no-undef
  116:7   warning  'newEdge' is not defined                   no-undef
  116:31  warning  'newEdge' is not defined                   no-undef
  116:53  warning  'radius' is not defined                    no-undef
  116:60  warning  'sine45' is not defined                    no-undef
  117:7   warning  'newEdge' is not defined                   no-undef
  117:29  warning  'newEdge' is not defined                   no-undef
  117:49  warning  'radius' is not defined                    no-undef
  117:56  warning  'sine45' is not defined                    no-undef
  119:7   warning  'newEdge' is not defined                   no-undef
  119:31  warning  'newEdge' is not defined                   no-undef
  119:53  warning  'radius' is not defined                    no-undef
  119:60  warning  'sine45' is not defined                    no-undef
  120:7   warning  'newEdge' is not defined                   no-undef
  120:29  warning  'newEdge' is not defined                   no-undef
  120:49  warning  'radius' is not defined                    no-undef
  120:56  warning  'sine45' is not defined                    no-undef
  122:7   warning  'newEdge' is not defined                   no-undef
  122:30  warning  'newEdge' is not defined                   no-undef
  122:52  warning  'newEdge' is not defined                   no-undef
  123:7   warning  'newEdge' is not defined                   no-undef
  123:29  warning  'newEdge' is not defined                   no-undef
  123:51  warning  'radius' is not defined                    no-undef
  125:7   warning  'newEdge' is not defined                   no-undef
  125:31  warning  'newEdge' is not defined                   no-undef
  125:53  warning  'radius' is not defined                    no-undef
  125:60  warning  'sine45' is not defined                    no-undef
  126:7   warning  'newEdge' is not defined                   no-undef
  126:29  warning  'newEdge' is not defined                   no-undef
  126:49  warning  'radius' is not defined                    no-undef
  126:56  warning  'sine45' is not defined                    no-undef
  128:7   warning  'newEdge' is not defined                   no-undef
  128:31  warning  'newEdge' is not defined                   no-undef
  128:53  warning  'radius' is not defined                    no-undef
  128:60  warning  'sine45' is not defined                    no-undef
  129:7   warning  'newEdge' is not defined                   no-undef
  129:29  warning  'newEdge' is not defined                   no-undef
  129:49  warning  'radius' is not defined                    no-undef
  129:56  warning  'sine45' is not defined                    no-undef
  131:7   warning  'newEdge' is not defined                   no-undef
  131:30  warning  'newEdge' is not defined                   no-undef
  131:52  warning  'newEdge' is not defined                   no-undef
  132:7   warning  'newEdge' is not defined                   no-undef
  132:29  warning  'newEdge' is not defined                   no-undef
  132:51  warning  'radius' is not defined                    no-undef
  134:7   warning  'newEdge' is not defined                   no-undef
  134:31  warning  'newEdge' is not defined                   no-undef
  134:53  warning  'radius' is not defined                    no-undef
  134:60  warning  'sine45' is not defined                    no-undef
  135:7   warning  'newEdge' is not defined                   no-undef
  135:31  warning  'newEdge' is not defined                   no-undef
  135:53  warning  'radius' is not defined                    no-undef
  135:60  warning  'sine45' is not defined                    no-undef
  137:7   warning  'newEdge' is not defined                   no-undef
  137:29  warning  'newEdge' is not defined                   no-undef
  137:49  warning  'radius' is not defined                    no-undef
  137:56  warning  'sine45' is not defined                    no-undef
  138:7   warning  'newEdge' is not defined                   no-undef
  138:29  warning  'newEdge' is not defined                   no-undef
  138:49  warning  'radius' is not defined                    no-undef
  138:56  warning  'sine45' is not defined                    no-undef
  140:7   warning  'newEdge' is not defined                   no-undef
  140:30  warning  'newEdge' is not defined                   no-undef
  140:52  warning  'newEdge' is not defined                   no-undef
  141:7   warning  'newEdge' is not defined                   no-undef
  141:29  warning  'newEdge' is not defined                   no-undef
  141:53  warning  'radius' is not defined                    no-undef
  144:5   warning  'edges' is not defined                     no-undef
  144:16  warning  'newEdge' is not defined                   no-undef
  148:3   warning  'edges' is not defined                     no-undef
  149:5   warning  'baseId' is not defined                    no-undef
  151:5   warning  'linepoints' is not defined                no-undef
  153:7   warning  'linepoints' is not defined                no-undef
  160:7   warning  'linepoints' is not defined                no-undef
  165:7   warning  'linepoints' is not defined                no-undef
  171:5   warning  'edgeColor' is not defined                 no-undef
  172:5   warning  'line' is not defined                      no-undef
  173:14  warning  'baseId' is not defined                    no-undef
  174:13  warning  'linepoints' is not defined                no-undef
  176:18  warning  'edgeColor' is not defined                 no-undef
  179:5   warning  'mid_x' is not defined                     no-undef
  180:5   warning  'mid_y' is not defined                     no-undef
  182:5   warning  'linemarkerpoints' is not defined          no-undef
  184:7   warning  'mid_y' is not defined                     no-undef
  185:7   warning  'linemarkerpoints' is not defined          no-undef
  185:27  warning  'mid_x' is not defined                     no-undef
  185:39  warning  'mid_y' is not defined                     no-undef
  185:53  warning  'mid_x' is not defined                     no-undef
  185:67  warning  'mid_y' is not defined                     no-undef
  185:79  warning  'mid_x' is not defined                     no-undef
  185:91  warning  'mid_y' is not defined                     no-undef
  187:7   warning  'mid_y' is not defined                     no-undef
  188:7   warning  'linemarkerpoints' is not defined          no-undef
  188:27  warning  'mid_x' is not defined                     no-undef
  188:39  warning  'mid_y' is not defined                     no-undef
  188:53  warning  'mid_x' is not defined                     no-undef
  188:67  warning  'mid_y' is not defined                     no-undef
  188:79  warning  'mid_x' is not defined                     no-undef
  188:91  warning  'mid_y' is not defined                     no-undef
  190:7   warning  'mid_y' is not defined                     no-undef
  191:7   warning  'linemarkerpoints' is not defined          no-undef
  191:27  warning  'mid_x' is not defined                     no-undef
  191:39  warning  'mid_y' is not defined                     no-undef
  191:53  warning  'mid_x' is not defined                     no-undef
  191:67  warning  'mid_y' is not defined                     no-undef
  191:79  warning  'mid_x' is not defined                     no-undef
  191:91  warning  'mid_y' is not defined                     no-undef
  194:5   warning  'linemarker' is not defined                no-undef
  195:14  warning  'baseId' is not defined                    no-undef
  196:18  warning  'linemarkerpoints' is not defined          no-undef
  199:5   warning  'textline' is not defined                  no-undef
  200:14  warning  'baseId' is not defined                    no-undef
  202:5   warning  'textlinepath' is not defined              no-undef
  203:14  warning  'baseId' is not defined                    no-undef
  204:20  warning  'baseId' is not defined                    no-undef
  207:5   warning  'textlinepath' is not defined              no-undef
  209:24  warning  'line' is not defined                      no-undef
  210:24  warning  'linemarker' is not defined                no-undef
  211:5   warning  'textline' is not defined                  no-undef
  211:26  warning  'textlinepath' is not defined              no-undef
  212:24  warning  'textline' is not defined                  no-undef
  215:11  warning  'nodes' is not defined                     no-undef
  215:18  warning  'edges' is not defined                     no-undef

/home/runner/work/exp-determinstic-finite-automaton-iiith/exp-determinstic-finite-automaton-iiith/experiment/simulation/js/main.js
    6:1   warning  'width' is not defined                        no-undef
    7:1   warning  'height' is not defined                       no-undef
    8:1   warning  'radius' is not defined                       no-undef
   10:1   warning  'dfa' is not defined                          no-undef
   10:8   warning  'dfa1' is not defined                         no-undef
   10:14  warning  'dfa2' is not defined                         no-undef
   10:20  warning  'dfa3' is not defined                         no-undef
   10:26  warning  'dfa4' is not defined                         no-undef
   10:32  warning  'dfa5' is not defined                         no-undef
   11:1   warning  'dfaIndex' is not defined                     no-undef
   13:1   warning  'inputIndex' is not defined                   no-undef
   14:1   warning  'inputPointer' is not defined                 no-undef
   16:1   warning  'nodes' is not defined                        no-undef
   17:1   warning  'edges' is not defined                        no-undef
   20:3   warning  'clearElem' is not defined                    no-undef
   20:13  warning  'canvas' is not defined                       no-undef
   22:3   warning  'curr' is not defined                         no-undef
   23:6   warning  'inputPointer' is not defined                 no-undef
   24:27  warning  'inputPointer' is not defined                 no-undef
   24:41  warning  'curr' is not defined                         no-undef
   26:5   warning  'curr' is not defined                         no-undef
   26:12  warning  'dfa' is not defined                          no-undef
   26:16  warning  'dfaIndex' is not defined                     no-undef
   26:35  warning  'inputIndex' is not defined                   no-undef
   26:57  warning  'inputPointer' is not defined                 no-undef
   27:26  warning  'inputPointer' is not defined                 no-undef
   27:40  warning  'curr' is not defined                         no-undef
   30:3   warning  'DFADescriptionContainer' is not defined      no-undef
   31:3   warning  'clearElem' is not defined                    no-undef
   31:13  warning  'DFADescriptionContainer' is not defined      no-undef
   32:3   warning  'span' is not defined                         no-undef
   32:10  warning  'newElement' is not defined                   no-undef
   32:67  warning  'textColor' is not defined                    no-undef
   33:3   warning  'text' is not defined                         no-undef
   33:34  warning  'dfa' is not defined                          no-undef
   33:38  warning  'dfaIndex' is not defined                     no-undef
   34:3   warning  'span' is not defined                         no-undef
   34:20  warning  'text' is not defined                         no-undef
   35:3   warning  'DFADescriptionContainer' is not defined      no-undef
   35:39  warning  'text' is not defined                         no-undef
   37:3   warning  'res' is not defined                          no-undef
   37:9   warning  'displayCanvas' is not defined                no-undef
   37:23  warning  'canvas' is not defined                       no-undef
   37:31  warning  'dfa' is not defined                          no-undef
   37:35  warning  'dfaIndex' is not defined                     no-undef
   37:46  warning  'inputPointer' is not defined                 no-undef
   37:60  warning  'curr' is not defined                         no-undef
   39:3   warning  'nodes' is not defined                        no-undef
   39:11  warning  'res' is not defined                          no-undef
   40:3   warning  'edges' is not defined                        no-undef
   40:11  warning  'res' is not defined                          no-undef
   44:3   warning  'inputIndex' is not defined                   no-undef
   45:3   warning  'inputPointer' is not defined                 no-undef
   51:3   warning  'inputContainer' is not defined               no-undef
   52:3   warning  'clearElem' is not defined                    no-undef
   52:13  warning  'inputContainer' is not defined               no-undef
   53:17  warning  'dfa' is not defined                          no-undef
   53:21  warning  'dfaIndex' is not defined                     no-undef
   53:40  warning  'inputIndex' is not defined                   no-undef
   54:5   warning  'textColor' is not defined                    no-undef
   55:8   warning  'inputPointer' is not defined                 no-undef
   56:7   warning  'textColor' is not defined                    no-undef
   58:5   warning  'span' is not defined                         no-undef
   58:12  warning  'newElement' is not defined                   no-undef
   58:61  warning  'textColor' is not defined                    no-undef
   59:5   warning  'text' is not defined                         no-undef
   59:36  warning  'dfa' is not defined                          no-undef
   59:40  warning  'dfaIndex' is not defined                     no-undef
   59:59  warning  'inputIndex' is not defined                   no-undef
   60:5   warning  'span' is not defined                         no-undef
   60:22  warning  'text' is not defined                         no-undef
   61:5   warning  'inputContainer' is not defined               no-undef
   61:32  warning  'span' is not defined                         no-undef
   66:3   warning  'stack' is not defined                        no-undef
   67:3   warning  'clearElem' is not defined                    no-undef
   67:13  warning  'stack' is not defined                        no-undef
   71:3   warning  'stack' is not defined                        no-undef
   72:3   warning  'listElem' is not defined                     no-undef
   72:14  warning  'newElement' is not defined                   no-undef
   73:3   warning  'textNode' is not defined                     no-undef
   74:3   warning  'listElem' is not defined                     no-undef
   74:24  warning  'textNode' is not defined                     no-undef
   75:3   warning  'stack' is not defined                        no-undef
   75:21  warning  'listElem' is not defined                     no-undef
   80:3   warning  'stack' is not defined                        no-undef
   81:6   warning  'stack' is not defined                        no-undef
   82:5   warning  'stack' is not defined                        no-undef
   82:23  warning  'stack' is not defined                        no-undef
   86:42  warning  'e' is defined but never used                 no-unused-vars
   87:3   warning  'canvas' is not defined                       no-undef
   94:3   warning  'changeDFA' is not defined                    no-undef
   95:3   warning  'changeDFA' is not defined                    no-undef
   95:48  warning  'e' is defined but never used                 no-unused-vars
   96:5   warning  'clearElem' is not defined                    no-undef
   96:15  warning  'canvas' is not defined                       no-undef
   97:5   warning  'dfaIndex' is not defined                     no-undef
   97:16  warning  'dfaIndex' is not defined                     no-undef
   98:8   warning  'dfaIndex' is not defined                     no-undef
   98:20  warning  'dfa' is not defined                          no-undef
   99:7   warning  'dfaIndex' is not defined                     no-undef
  107:3   warning  'changeInput' is not defined                  no-undef
  108:3   warning  'changeInput' is not defined                  no-undef
  108:50  warning  'e' is defined but never used                 no-unused-vars
  109:5   warning  'inputIndex' is not defined                   no-undef
  109:18  warning  'inputIndex' is not defined                   no-undef
  110:8   warning  'inputIndex' is not defined                   no-undef
  110:22  warning  'dfa' is not defined                          no-undef
  110:26  warning  'dfaIndex' is not defined                     no-undef
  111:7   warning  'inputIndex' is not defined                   no-undef
  113:5   warning  'inputPointer' is not defined                 no-undef
  120:3   warning  'next' is not defined                         no-undef
  121:3   warning  'next' is not defined                         no-undef
  121:43  warning  'e' is defined but never used                 no-unused-vars
  122:8   warning  'inputPointer' is not defined                 no-undef
  122:24  warning  'dfa' is not defined                          no-undef
  122:28  warning  'dfaIndex' is not defined                     no-undef
  122:47  warning  'inputIndex' is not defined                   no-undef
  123:7   warning  'inputPointer' is not defined                 no-undef
  123:22  warning  'inputPointer' is not defined                 no-undef
  126:7   warning  'str' is not defined                          no-undef
  127:10  warning  'inputPointer' is not defined                 no-undef
  128:9   warning  'str' is not defined                          no-undef
  128:34  warning  'dfa' is not defined                          no-undef
  128:38  warning  'dfaIndex' is not defined                     no-undef
  128:57  warning  'inputIndex' is not defined                   no-undef
  128:79  warning  'inputPointer' is not defined                 no-undef
  129:9   warning  'str' is not defined                          no-undef
  129:41  warning  'dfa' is not defined                          no-undef
  129:45  warning  'dfaIndex' is not defined                     no-undef
  129:64  warning  'inputIndex' is not defined                   no-undef
  129:86  warning  'inputPointer' is not defined                 no-undef
  130:9   warning  'str' is not defined                          no-undef
  130:29  warning  'dfa' is not defined                          no-undef
  130:33  warning  'dfaIndex' is not defined                     no-undef
  130:52  warning  'inputIndex' is not defined                   no-undef
  130:74  warning  'inputPointer' is not defined                 no-undef
  132:10  warning  'inputPointer' is not defined                 no-undef
  133:9   warning  'str' is not defined                          no-undef
  135:18  warning  'str' is not defined                          no-undef
  138:10  warning  'inputPointer' is not defined                 no-undef
  138:24  warning  'dfa' is not defined                          no-undef
  138:28  warning  'dfaIndex' is not defined                     no-undef
  138:47  warning  'inputIndex' is not defined                   no-undef
  140:9   warning  'computationStatus' is not defined            no-undef
  142:13  warning  'itr' is not defined                          no-undef
  142:19  warning  'itr' is not defined                          no-undef
  142:23  warning  'dfa' is not defined                          no-undef
  142:27  warning  'dfaIndex' is not defined                     no-undef
  142:58  warning  'itr' is not defined                          no-undef
  143:14  warning  'dfa' is not defined                          no-undef
  143:18  warning  'dfaIndex' is not defined                     no-undef
  143:40  warning  'itr' is not defined                          no-undef
  143:56  warning  'curr' is not defined                         no-undef
  144:16  warning  'dfa' is not defined                          no-undef
  144:20  warning  'dfaIndex' is not defined                     no-undef
  144:42  warning  'itr' is not defined                          no-undef
  145:15  warning  'computationStatus' is not defined            no-undef
  150:9   warning  'swal' is not defined                         no-undef
  150:34  warning  'computationStatus' is not defined            no-undef
  156:3   warning  'prev' is not defined                         no-undef
  157:3   warning  'prev' is not defined                         no-undef
  157:43  warning  'e' is defined but never used                 no-unused-vars
  158:8   warning  'inputPointer' is not defined                 no-undef
  159:7   warning  'inputPointer' is not defined                 no-undef
  159:22  warning  'inputPointer' is not defined                 no-undef
  166:3   warning  'controlContainerDisplay' is not defined      no-undef
  167:3   warning  'instructionContainerDisplay' is not defined  no-undef
  168:3   warning  'traceContainerDisplay' is not defined        no-undef
  170:3   warning  'controlsToggle' is not defined               no-undef
  171:3   warning  'controlsToggle' is not defined               no-undef
  171:53  warning  'e' is defined but never used                 no-unused-vars
  173:5   warning  'controlContainer' is not defined             no-undef
  175:8   warning  'controlContainerDisplay' is not defined      no-undef
  176:7   warning  'controlContainer' is not defined             no-undef
  177:7   warning  'controlContainer' is not defined             no-undef
  178:7   warning  'controlContainerDisplay' is not defined      no-undef
  180:7   warning  'controlContainer' is not defined             no-undef
  181:7   warning  'controlContainer' is not defined             no-undef
  182:7   warning  'controlContainerDisplay' is not defined      no-undef
  187:3   warning  'instructionToggle' is not defined            no-undef
  188:3   warning  'instructionToggle' is not defined            no-undef
  188:56  warning  'e' is defined but never used                 no-unused-vars
  190:5   warning  'instructionContainer' is not defined         no-undef
  192:8   warning  'instructionContainerDisplay' is not defined  no-undef
  193:7   warning  'instructionContainer' is not defined         no-undef
  194:7   warning  'instructionContainer' is not defined         no-undef
  195:7   warning  'instructionContainerDisplay' is not defined  no-undef
  197:7   warning  'instructionContainer' is not defined         no-undef
  198:7   warning  'instructionContainer' is not defined         no-undef
  199:7   warning  'instructionContainerDisplay' is not defined  no-undef
  204:3   warning  'traceToggle' is not defined                  no-undef
  205:3   warning  'traceToggle' is not defined                  no-undef
  205:50  warning  'e' is defined but never used                 no-unused-vars
  207:5   warning  'traceContainer' is not defined               no-undef
  209:8   warning  'traceContainerDisplay' is not defined        no-undef
  210:7   warning  'traceContainer' is not defined               no-undef
  211:7   warning  'traceContainer' is not defined               no-undef
  212:7   warning  'traceContainerDisplay' is not defined        no-undef
  214:7   warning  'traceContainer' is not defined               no-undef
  215:7   warning  'traceContainer' is not defined               no-undef
  216:7   warning  'traceContainerDisplay' is not defined        no-undef

✖ 371 problems (0 errors, 371 warnings)

